#! /c/Source/iverilog-install/bin/vvp
:ivl_version "12.0 (devel)" "(s20150603-1539-g2693dd32b)";
:ivl_delay_selection "TYPICAL";
:vpi_time_precision + 0;
:vpi_module "C:\iverilog\lib\ivl\system.vpi";
:vpi_module "C:\iverilog\lib\ivl\vhdl_sys.vpi";
:vpi_module "C:\iverilog\lib\ivl\vhdl_textio.vpi";
:vpi_module "C:\iverilog\lib\ivl\v2005_math.vpi";
:vpi_module "C:\iverilog\lib\ivl\va_math.vpi";
:vpi_module "C:\iverilog\lib\ivl\v2009.vpi";
S_0000017926bcf300 .scope package, "$unit" "$unit" 2 1;
 .timescale 0 0;
S_0000017926b67980 .scope module, "testbench" "testbench" 3 1;
 .timescale 0 0;
v0000017926c1cab0_0 .var "clk", 0 0;
v0000017926c1dd70_0 .net "instr", 31 0, L_0000017926bb53e0;  1 drivers
v0000017926c1e3b0_0 .net "regs", 1023 0, v0000017926c17a20_0;  1 drivers
v0000017926c1d5f0_0 .var "rst", 0 0;
E_0000017926bc4650 .event anyedge, v0000017926c1e6d0_0, v0000017926c17a20_0;
S_0000017926b67b10 .scope begin, "$ivl_for_loop0" "$ivl_for_loop0" 3 36, 3 36 0, S_0000017926b67980;
 .timescale 0 0;
v0000017926bbd900_0 .var/2s "i", 31 0;
S_0000017926b6b9b0 .scope module, "dut" "top" 3 32, 4 1 0, S_0000017926b67980;
 .timescale 0 0;
    .port_info 0 /INPUT 1 "clk";
    .port_info 1 /INPUT 1 "rst";
    .port_info 2 /OUTPUT 32 "instr1";
    .port_info 3 /OUTPUT 1024 "regs";
L_0000017926bb53e0 .functor BUFZ 32, L_0000017926cdadd0, C4<00000000000000000000000000000000>, C4<00000000000000000000000000000000>, C4<00000000000000000000000000000000>;
v0000017926c18e50_0 .net "PC", 31 0, v0000017926c19030_0;  1 drivers
v0000017926c1d050_0 .net "clk", 0 0, v0000017926c1cab0_0;  1 drivers
v0000017926c1d7d0_0 .net "dataAdr", 31 0, L_0000017926bb4f10;  1 drivers
v0000017926c1ca10_0 .net "instr", 31 0, L_0000017926cdadd0;  1 drivers
v0000017926c1e6d0_0 .net "instr1", 31 0, L_0000017926bb53e0;  alias, 1 drivers
v0000017926c1ce70_0 .net "memWrite", 0 0, L_0000017926cdd2e0;  1 drivers
v0000017926c1d730_0 .net "readData", 31 0, v0000017926bbc780_0;  1 drivers
v0000017926c1e310_0 .net "regs", 1023 0, v0000017926c17a20_0;  alias, 1 drivers
v0000017926c1d370_0 .net "rst", 0 0, v0000017926c1d5f0_0;  1 drivers
v0000017926c1cb50_0 .net "writeData", 31 0, L_0000017926bb4ab0;  1 drivers
S_0000017926b6bb40 .scope module, "dm" "dataMem" 4 10, 5 1 0, S_0000017926b6b9b0;
 .timescale 0 0;
    .port_info 0 /INPUT 1 "clk";
    .port_info 1 /INPUT 1 "we";
    .port_info 2 /INPUT 32 "adr";
    .port_info 3 /INPUT 32 "writeData";
    .port_info 4 /OUTPUT 32 "readData";
v0000017926bbdd60_0 .net *"_ivl_0", 31 0, L_0000017926cdbe40;  1 drivers
v0000017926bbdea0_0 .net *"_ivl_3", 29 0, L_0000017926cdd600;  1 drivers
v0000017926bbdf40_0 .net "adr", 31 0, L_0000017926bb4f10;  alias, 1 drivers
v0000017926bbdfe0_0 .net "clk", 0 0, v0000017926c1cab0_0;  alias, 1 drivers
v0000017926bbc640_0 .net "instr", 0 0, L_0000017926cdcfc0;  1 drivers
v0000017926bbc6e0 .array "mem", 0 63, 31 0;
v0000017926bbc780_0 .var "readData", 31 0;
v0000017926bb5db0_0 .net "we", 0 0, L_0000017926cdd2e0;  alias, 1 drivers
v0000017926c149d0_0 .net "writeData", 31 0, L_0000017926bb4ab0;  alias, 1 drivers
E_0000017926bc4950 .event posedge, v0000017926bbdfe0_0;
L_0000017926cdbe40 .array/port v0000017926bbc6e0, L_0000017926cdd600;
L_0000017926cdd600 .part L_0000017926bb4f10, 2, 30;
L_0000017926cdcfc0 .part L_0000017926cdbe40, 0, 1;
S_0000017926b74ad0 .scope module, "im" "instrMem" 4 9, 6 1 0, S_0000017926b6b9b0;
 .timescale 0 0;
    .port_info 0 /INPUT 32 "adr";
    .port_info 1 /OUTPUT 32 "instr";
L_0000017926cdadd0 .functor BUFZ 32, L_0000017926cdbbc0, C4<00000000000000000000000000000000>, C4<00000000000000000000000000000000>, C4<00000000000000000000000000000000>;
v0000017926c15330_0 .net *"_ivl_0", 31 0, L_0000017926cdbbc0;  1 drivers
v0000017926c14d90_0 .net *"_ivl_3", 29 0, L_0000017926cdc160;  1 drivers
v0000017926c165f0_0 .net "adr", 31 0, v0000017926c19030_0;  alias, 1 drivers
v0000017926c14b10_0 .net "instr", 31 0, L_0000017926cdadd0;  alias, 1 drivers
v0000017926c14930 .array "mem", 0 63, 31 0;
L_0000017926cdbbc0 .array/port v0000017926c14930, L_0000017926cdc160;
L_0000017926cdc160 .part v0000017926c19030_0, 2, 30;
S_0000017926b74c60 .scope module, "rvps" "riscv_ps" 4 8, 7 1 0, S_0000017926b6b9b0;
 .timescale 0 0;
    .port_info 0 /INPUT 1 "clk";
    .port_info 1 /INPUT 1 "rst";
    .port_info 2 /INPUT 32 "instr";
    .port_info 3 /INPUT 32 "readData";
    .port_info 4 /OUTPUT 1 "memWrite";
    .port_info 5 /OUTPUT 32 "dataAdr";
    .port_info 6 /OUTPUT 32 "PC";
    .port_info 7 /OUTPUT 32 "writeData";
    .port_info 8 /OUTPUT 1024 "regs";
v0000017926c190d0_0 .net "ALUcontrol", 3 0, v0000017926c16550_0;  1 drivers
v0000017926c189f0_0 .net "ALUsrcA", 1 0, L_0000017926cdbf80;  1 drivers
v0000017926c18a90_0 .net "ALUsrcB", 0 0, L_0000017926cdc3e0;  1 drivers
v0000017926c1a250_0 .net "Jsrc", 0 0, L_0000017926cdd420;  1 drivers
v0000017926c1a2f0_0 .net "PC", 31 0, v0000017926c19030_0;  alias, 1 drivers
v0000017926c19530_0 .net "PCsrc", 0 0, L_0000017926cdacf0;  1 drivers
v0000017926c19d50_0 .net "carry", 0 0, L_0000017926cdd240;  1 drivers
v0000017926c19c10_0 .net "clk", 0 0, v0000017926c1cab0_0;  alias, 1 drivers
v0000017926c195d0_0 .net "dataAdr", 31 0, L_0000017926bb4f10;  alias, 1 drivers
v0000017926c19670_0 .net "immSrc", 1 0, L_0000017926cdc020;  1 drivers
v0000017926c1a390_0 .net "instr", 31 0, L_0000017926cdadd0;  alias, 1 drivers
v0000017926c19170_0 .net "memWrite", 0 0, L_0000017926cdd2e0;  alias, 1 drivers
v0000017926c19210_0 .net "negative", 0 0, L_0000017926c1d230;  1 drivers
v0000017926c192b0_0 .net "overflow", 0 0, L_0000017926cdac10;  1 drivers
v0000017926c19df0_0 .net "readData", 31 0, v0000017926bbc780_0;  alias, 1 drivers
v0000017926c1a430_0 .net "regWrite", 0 0, L_0000017926cdbc60;  1 drivers
v0000017926c18b30_0 .net "regs", 1023 0, v0000017926c17a20_0;  alias, 1 drivers
v0000017926c18bd0_0 .net "resultSrc", 1 0, L_0000017926cdc5c0;  1 drivers
v0000017926c18c70_0 .net "rst", 0 0, v0000017926c1d5f0_0;  alias, 1 drivers
v0000017926c18d10_0 .net "writeData", 31 0, L_0000017926bb4ab0;  alias, 1 drivers
v0000017926c18db0_0 .net "zero", 0 0, L_0000017926c1d690;  1 drivers
L_0000017926cdc0c0 .part L_0000017926cdadd0, 0, 7;
L_0000017926cdc2a0 .part L_0000017926cdadd0, 12, 3;
L_0000017926cdcb60 .part L_0000017926cdadd0, 30, 1;
L_0000017926cdc020 .part L_0000017926cdbda0, 0, 2;
S_0000017926b78a20 .scope module, "c" "controller" 7 13, 8 1 0, S_0000017926b74c60;
 .timescale 0 0;
    .port_info 0 /INPUT 7 "op";
    .port_info 1 /INPUT 3 "funct3";
    .port_info 2 /INPUT 1 "funct7";
    .port_info 3 /INPUT 1 "zero";
    .port_info 4 /INPUT 1 "negative";
    .port_info 5 /INPUT 1 "overflow";
    .port_info 6 /INPUT 1 "carry";
    .port_info 7 /OUTPUT 1 "PCsrc";
    .port_info 8 /OUTPUT 1 "memWrite";
    .port_info 9 /OUTPUT 1 "ALUsrcB";
    .port_info 10 /OUTPUT 1 "regWrite";
    .port_info 11 /OUTPUT 1 "Jsrc";
    .port_info 12 /OUTPUT 2 "resultSrc";
    .port_info 13 /OUTPUT 2 "ALUsrcA";
    .port_info 14 /OUTPUT 3 "immSrc";
    .port_info 15 /OUTPUT 4 "ALUcontrol";
L_0000017926cdb5b0 .functor AND 1, L_0000017926cdbee0, v0000017926c16690_0, C4<1>, C4<1>;
L_0000017926cdacf0 .functor OR 1, L_0000017926cdcac0, L_0000017926cdb5b0, C4<0>, C4<0>;
v0000017926c16550_0 .var "ALUcontrol", 3 0;
v0000017926c15c90_0 .net "ALUop", 1 0, L_0000017926cdd380;  1 drivers
v0000017926c162d0_0 .net "ALUsrcA", 1 0, L_0000017926cdbf80;  alias, 1 drivers
v0000017926c15010_0 .net "ALUsrcB", 0 0, L_0000017926cdc3e0;  alias, 1 drivers
v0000017926c15d30_0 .net "Jsrc", 0 0, L_0000017926cdd420;  alias, 1 drivers
v0000017926c15dd0_0 .net "PCsrc", 0 0, L_0000017926cdacf0;  alias, 1 drivers
v0000017926c150b0_0 .net *"_ivl_12", 14 0, v0000017926c16730_0;  1 drivers
v0000017926c153d0_0 .net *"_ivl_13", 0 0, L_0000017926cdb5b0;  1 drivers
v0000017926c16410_0 .net "branch", 0 0, L_0000017926cdbee0;  1 drivers
v0000017926c15290_0 .net "carry", 0 0, L_0000017926cdd240;  alias, 1 drivers
v0000017926c16690_0 .var "condIsTrue", 0 0;
v0000017926c16730_0 .var "controls", 14 0;
v0000017926c15790_0 .net "funct3", 2 0, L_0000017926cdc2a0;  1 drivers
v0000017926c15fb0_0 .net "funct7", 0 0, L_0000017926cdcb60;  1 drivers
v0000017926c15e70_0 .net "immSrc", 2 0, L_0000017926cdbda0;  1 drivers
v0000017926c16370_0 .net "jump", 0 0, L_0000017926cdcac0;  1 drivers
v0000017926c15f10_0 .net "memWrite", 0 0, L_0000017926cdd2e0;  alias, 1 drivers
v0000017926c164b0_0 .net "negative", 0 0, L_0000017926c1d230;  alias, 1 drivers
v0000017926c14cf0_0 .net "op", 6 0, L_0000017926cdc0c0;  1 drivers
v0000017926c14ed0_0 .net "overflow", 0 0, L_0000017926cdac10;  alias, 1 drivers
v0000017926c15470_0 .net "regWrite", 0 0, L_0000017926cdbc60;  alias, 1 drivers
v0000017926c15a10_0 .net "resultSrc", 1 0, L_0000017926cdc5c0;  alias, 1 drivers
v0000017926c14890_0 .net "zero", 0 0, L_0000017926c1d690;  alias, 1 drivers
E_0000017926bc52d0/0 .event anyedge, v0000017926c15790_0, v0000017926c14890_0, v0000017926c164b0_0, v0000017926c14ed0_0;
E_0000017926bc52d0/1 .event anyedge, v0000017926c15290_0;
E_0000017926bc52d0 .event/or E_0000017926bc52d0/0, E_0000017926bc52d0/1;
E_0000017926bc49d0 .event anyedge, v0000017926c15c90_0, v0000017926c14cf0_0, v0000017926c15790_0, v0000017926c15fb0_0;
E_0000017926bc4d90 .event anyedge, v0000017926c14cf0_0;
L_0000017926cdbee0 .part v0000017926c16730_0, 14, 1;
L_0000017926cdc5c0 .part v0000017926c16730_0, 12, 2;
L_0000017926cdd2e0 .part v0000017926c16730_0, 11, 1;
L_0000017926cdbf80 .part v0000017926c16730_0, 9, 2;
L_0000017926cdc3e0 .part v0000017926c16730_0, 8, 1;
L_0000017926cdbc60 .part v0000017926c16730_0, 7, 1;
L_0000017926cdbda0 .part v0000017926c16730_0, 4, 3;
L_0000017926cdd380 .part v0000017926c16730_0, 2, 2;
L_0000017926cdcac0 .part v0000017926c16730_0, 1, 1;
L_0000017926cdd420 .part v0000017926c16730_0, 0, 1;
S_0000017926b78bb0 .scope module, "dp" "datapath" 7 12, 9 1 0, S_0000017926b74c60;
 .timescale 0 0;
    .port_info 0 /INPUT 1 "clk";
    .port_info 1 /INPUT 1 "rst";
    .port_info 2 /INPUT 1 "regWrite";
    .port_info 3 /INPUT 1 "PCsrc";
    .port_info 4 /INPUT 1 "ALUsrcB";
    .port_info 5 /INPUT 1 "Jsrc";
    .port_info 6 /INPUT 4 "ALUcontrol";
    .port_info 7 /INPUT 2 "immSrc";
    .port_info 8 /INPUT 2 "resultSrc";
    .port_info 9 /INPUT 2 "ALUsrcA";
    .port_info 10 /INPUT 32 "instr";
    .port_info 11 /INPUT 32 "readData";
    .port_info 12 /OUTPUT 1 "zero";
    .port_info 13 /OUTPUT 1 "negative";
    .port_info 14 /OUTPUT 1 "overflow";
    .port_info 15 /OUTPUT 1 "carry";
    .port_info 16 /OUTPUT 32 "dataAdr";
    .port_info 17 /OUTPUT 32 "writeData";
    .port_info 18 /OUTPUT 32 "PC";
    .port_info 19 /OUTPUT 1024 "regs";
L_0000017926bb4ab0 .functor BUFZ 32, L_0000017926c1e090, C4<00000000000000000000000000000000>, C4<00000000000000000000000000000000>, C4<00000000000000000000000000000000>;
L_0000017926bb4f10 .functor BUFZ 32, v0000017926c14c50_0, C4<00000000000000000000000000000000>, C4<00000000000000000000000000000000>, C4<00000000000000000000000000000000>;
v0000017926c18060_0 .net "ALUcontrol", 3 0, v0000017926c16550_0;  alias, 1 drivers
v0000017926c18100_0 .net "ALUresult", 31 0, v0000017926c14c50_0;  1 drivers
v0000017926c181a0_0 .net "ALUsrcA", 1 0, L_0000017926cdbf80;  alias, 1 drivers
v0000017926c18240_0 .net "ALUsrcB", 0 0, L_0000017926cdc3e0;  alias, 1 drivers
v0000017926c1a110_0 .net "Jsrc", 0 0, L_0000017926cdd420;  alias, 1 drivers
v0000017926c19030_0 .var "PC", 31 0;
v0000017926c1a6b0_0 .net "PCplus4", 31 0, L_0000017926c1d4b0;  1 drivers
v0000017926c19a30_0 .net "PCsrc", 0 0, L_0000017926cdacf0;  alias, 1 drivers
v0000017926c19ad0_0 .net "PCtarget", 31 0, L_0000017926c1d550;  1 drivers
L_0000017926c82828 .functor BUFT 1, C4<00000000000000000000000000000100>, C4<0>, C4<0>, C4<0>;
v0000017926c19990_0 .net/2u *"_ivl_0", 31 0, L_0000017926c82828;  1 drivers
L_0000017926c82870 .functor BUFT 1, C4<0>, C4<0>, C4<0>, C4<0>;
v0000017926c19850_0 .net *"_ivl_11", 0 0, L_0000017926c82870;  1 drivers
v0000017926c19b70_0 .net *"_ivl_4", 31 0, L_0000017926c1de10;  1 drivers
v0000017926c19f30_0 .net "carry", 0 0, L_0000017926cdd240;  alias, 1 drivers
v0000017926c1a610_0 .net "clk", 0 0, v0000017926c1cab0_0;  alias, 1 drivers
v0000017926c19350_0 .net "dataAdr", 31 0, L_0000017926bb4f10;  alias, 1 drivers
v0000017926c19cb0_0 .net "immExt", 31 0, v0000017926c17660_0;  1 drivers
v0000017926c198f0_0 .net "immSrc", 1 0, L_0000017926cdc020;  alias, 1 drivers
v0000017926c1a750_0 .net "instr", 31 0, L_0000017926cdadd0;  alias, 1 drivers
v0000017926c188b0_0 .net "negative", 0 0, L_0000017926c1d230;  alias, 1 drivers
v0000017926c1a4d0_0 .net "overflow", 0 0, L_0000017926cdac10;  alias, 1 drivers
v0000017926c18f90_0 .net "rd", 31 0, L_0000017926c1e630;  1 drivers
v0000017926c1a1b0_0 .net "readData", 31 0, v0000017926bbc780_0;  alias, 1 drivers
v0000017926c1a570_0 .net "regWrite", 0 0, L_0000017926cdbc60;  alias, 1 drivers
v0000017926c1a070_0 .net "regs", 1023 0, v0000017926c17a20_0;  alias, 1 drivers
v0000017926c18ef0_0 .var "result", 31 0;
v0000017926c19710_0 .net "resultSrc", 1 0, L_0000017926cdc5c0;  alias, 1 drivers
v0000017926c19e90_0 .net "rst", 0 0, v0000017926c1d5f0_0;  alias, 1 drivers
v0000017926c19fd0_0 .var "srcA", 31 0;
v0000017926c193f0_0 .net "srcB", 31 0, L_0000017926c1c970;  1 drivers
v0000017926c197b0_0 .net "srcB0", 31 0, L_0000017926c1e090;  1 drivers
v0000017926c19490_0 .net "writeData", 31 0, L_0000017926bb4ab0;  alias, 1 drivers
v0000017926c18950_0 .net "zero", 0 0, L_0000017926c1d690;  alias, 1 drivers
E_0000017926bc51d0 .event anyedge, v0000017926c15a10_0, v0000017926c14c50_0, v0000017926c1a6b0_0, v0000017926bbc780_0;
E_0000017926bc4c90 .event anyedge, v0000017926c162d0_0, v0000017926c16f80_0, v0000017926c165f0_0;
L_0000017926c1d4b0 .arith/sum 32, v0000017926c19030_0, L_0000017926c82828;
L_0000017926c1de10 .functor MUXZ 32, v0000017926c19030_0, L_0000017926c1e630, L_0000017926cdd420, C4<>;
L_0000017926c1d550 .arith/sum 32, L_0000017926c1de10, v0000017926c17660_0;
L_0000017926c1e450 .concat [ 2 1 0 0], L_0000017926cdc020, L_0000017926c82870;
L_0000017926c1dcd0 .part L_0000017926cdadd0, 7, 25;
L_0000017926c1cf10 .part L_0000017926cdadd0, 15, 5;
L_0000017926c1c8d0 .part L_0000017926cdadd0, 20, 5;
L_0000017926c1e1d0 .part L_0000017926cdadd0, 7, 5;
L_0000017926c1c970 .functor MUXZ 32, L_0000017926c1e090, v0000017926c17660_0, L_0000017926cdc3e0, C4<>;
S_0000017926b79ac0 .scope module, "alu" "ALU" 9 49, 10 1 0, S_0000017926b78bb0;
 .timescale 0 0;
    .port_info 0 /INPUT 4 "ALUcontrol";
    .port_info 1 /INPUT 32 "srcA";
    .port_info 2 /INPUT 32 "srcB";
    .port_info 3 /OUTPUT 1 "zero";
    .port_info 4 /OUTPUT 1 "negative";
    .port_info 5 /OUTPUT 1 "overflow";
    .port_info 6 /OUTPUT 1 "carry";
    .port_info 7 /OUTPUT 32 "ALUresult";
P_0000017926bc4590 .param/l "ALUcontrolWidth" 0 10 1, +C4<00000000000000000000000000000100>;
L_0000017926bb4f80 .functor NOT 33, L_0000017926c1d410, C4<000000000000000000000000000000000>, C4<000000000000000000000000000000000>, C4<000000000000000000000000000000000>;
L_0000017926bb4c00 .functor XOR 1, L_0000017926c1d870, L_0000017926c1dc30, C4<0>, C4<0>;
L_0000017926bb4b90 .functor XOR 1, L_0000017926c1d910, L_0000017926c1daf0, C4<0>, C4<0>;
L_0000017926bb5060 .functor XOR 1, L_0000017926bb4b90, L_0000017926c1db90, C4<0>, C4<0>;
L_0000017926bb4c70 .functor NOT 1, L_0000017926bb5060, C4<0>, C4<0>, C4<0>;
L_0000017926cdac10 .functor AND 1, L_0000017926bb4c00, L_0000017926bb4c70, C4<1>, C4<1>;
v0000017926c156f0_0 .net "ALUcontrol", 3 0, v0000017926c16550_0;  alias, 1 drivers
v0000017926c14c50_0 .var "ALUresult", 31 0;
v0000017926c155b0_0 .net *"_ivl_0", 32 0, L_0000017926c1d190;  1 drivers
v0000017926c15510_0 .net *"_ivl_10", 32 0, L_0000017926bb4f80;  1 drivers
v0000017926c14f70_0 .net *"_ivl_12", 32 0, L_0000017926c1e590;  1 drivers
L_0000017926c82c18 .functor BUFT 1, C4<0>, C4<0>, C4<0>, C4<0>;
v0000017926c15650_0 .net *"_ivl_15", 0 0, L_0000017926c82c18;  1 drivers
v0000017926c15150_0 .net *"_ivl_16", 32 0, L_0000017926c1d9b0;  1 drivers
v0000017926c14a70_0 .net *"_ivl_18", 32 0, L_0000017926c1cc90;  1 drivers
v0000017926c158d0_0 .net *"_ivl_21", 0 0, L_0000017926c1e270;  1 drivers
v0000017926c16050_0 .net *"_ivl_22", 32 0, L_0000017926c1cd30;  1 drivers
L_0000017926c82c60 .functor BUFT 1, C4<00000000000000000000000000000000>, C4<0>, C4<0>, C4<0>;
v0000017926c14bb0_0 .net *"_ivl_25", 31 0, L_0000017926c82c60;  1 drivers
L_0000017926c82b88 .functor BUFT 1, C4<0>, C4<0>, C4<0>, C4<0>;
v0000017926c15830_0 .net *"_ivl_3", 0 0, L_0000017926c82b88;  1 drivers
v0000017926c151f0_0 .net *"_ivl_33", 0 0, L_0000017926c1d870;  1 drivers
v0000017926c15970_0 .net *"_ivl_35", 0 0, L_0000017926c1dc30;  1 drivers
v0000017926c15ab0_0 .net *"_ivl_36", 0 0, L_0000017926bb4c00;  1 drivers
v0000017926c15b50_0 .net *"_ivl_39", 0 0, L_0000017926c1d910;  1 drivers
v0000017926c160f0_0 .net *"_ivl_41", 0 0, L_0000017926c1daf0;  1 drivers
v0000017926c15bf0_0 .net *"_ivl_42", 0 0, L_0000017926bb4b90;  1 drivers
v0000017926c16190_0 .net *"_ivl_45", 0 0, L_0000017926c1db90;  1 drivers
v0000017926c16230_0 .net *"_ivl_46", 0 0, L_0000017926bb5060;  1 drivers
v0000017926c16bc0_0 .net *"_ivl_48", 0 0, L_0000017926bb4c70;  1 drivers
v0000017926c18600_0 .net *"_ivl_5", 0 0, L_0000017926c1df50;  1 drivers
v0000017926c182e0_0 .net *"_ivl_6", 32 0, L_0000017926c1d410;  1 drivers
L_0000017926c82bd0 .functor BUFT 1, C4<0>, C4<0>, C4<0>, C4<0>;
v0000017926c17020_0 .net *"_ivl_9", 0 0, L_0000017926c82bd0;  1 drivers
v0000017926c17480_0 .net "carry", 0 0, L_0000017926cdd240;  alias, 1 drivers
v0000017926c18740_0 .net "negative", 0 0, L_0000017926c1d230;  alias, 1 drivers
v0000017926c168a0_0 .net "overflow", 0 0, L_0000017926cdac10;  alias, 1 drivers
v0000017926c16a80_0 .net "srcA", 31 0, v0000017926c19fd0_0;  1 drivers
v0000017926c17f20_0 .net "srcB", 31 0, L_0000017926c1c970;  alias, 1 drivers
v0000017926c16ee0_0 .net "sum", 32 0, L_0000017926c1cdd0;  1 drivers
v0000017926c18380_0 .net "zero", 0 0, L_0000017926c1d690;  alias, 1 drivers
E_0000017926bc4d10/0 .event anyedge, v0000017926c16550_0, v0000017926c16ee0_0, v0000017926c16a80_0, v0000017926c17f20_0;
E_0000017926bc4d10/1 .event anyedge, v0000017926c17f20_0, v0000017926c15290_0, v0000017926c16ee0_0, v0000017926c14ed0_0;
E_0000017926bc4d10 .event/or E_0000017926bc4d10/0, E_0000017926bc4d10/1;
L_0000017926c1d190 .concat [ 32 1 0 0], v0000017926c19fd0_0, L_0000017926c82b88;
L_0000017926c1df50 .part v0000017926c16550_0, 0, 1;
L_0000017926c1d410 .concat [ 32 1 0 0], L_0000017926c1c970, L_0000017926c82bd0;
L_0000017926c1e590 .concat [ 32 1 0 0], L_0000017926c1c970, L_0000017926c82c18;
L_0000017926c1d9b0 .functor MUXZ 33, L_0000017926c1e590, L_0000017926bb4f80, L_0000017926c1df50, C4<>;
L_0000017926c1cc90 .arith/sum 33, L_0000017926c1d190, L_0000017926c1d9b0;
L_0000017926c1e270 .part v0000017926c16550_0, 0, 1;
L_0000017926c1cd30 .concat [ 1 32 0 0], L_0000017926c1e270, L_0000017926c82c60;
L_0000017926c1cdd0 .arith/sum 33, L_0000017926c1cc90, L_0000017926c1cd30;
L_0000017926c1d230 .part v0000017926c14c50_0, 31, 1;
L_0000017926c1d690 .reduce/nor v0000017926c14c50_0;
L_0000017926c1d870 .part v0000017926c19fd0_0, 31, 1;
L_0000017926c1dc30 .part L_0000017926c1cdd0, 31, 1;
L_0000017926c1d910 .part v0000017926c19fd0_0, 31, 1;
L_0000017926c1daf0 .part L_0000017926c1c970, 31, 1;
L_0000017926c1db90 .part v0000017926c16550_0, 0, 1;
L_0000017926cdd240 .part L_0000017926c1cdd0, 32, 1;
S_0000017926b79c50 .scope module, "ie" "immExt" 9 31, 11 1 0, S_0000017926b78bb0;
 .timescale 0 0;
    .port_info 0 /INPUT 3 "immSrc";
    .port_info 1 /INPUT 25 "imm";
    .port_info 2 /OUTPUT 32 "immExt";
v0000017926c18420_0 .net "imm", 31 7, L_0000017926c1dcd0;  1 drivers
v0000017926c17660_0 .var "immExt", 31 0;
v0000017926c184c0_0 .net "immSrc", 2 0, L_0000017926c1e450;  1 drivers
E_0000017926bc4a10/0 .event anyedge, v0000017926c184c0_0, v0000017926c18420_0, v0000017926c18420_0, v0000017926c18420_0;
E_0000017926bc4a10/1 .event anyedge, v0000017926c18420_0, v0000017926c18420_0, v0000017926c18420_0, v0000017926c18420_0;
E_0000017926bc4a10/2 .event anyedge, v0000017926c18420_0, v0000017926c18420_0, v0000017926c18420_0, v0000017926c18420_0;
E_0000017926bc4a10 .event/or E_0000017926bc4a10/0, E_0000017926bc4a10/1, E_0000017926bc4a10/2;
S_0000017926b82170 .scope module, "rf" "regFile" 9 33, 12 1 0, S_0000017926b78bb0;
 .timescale 0 0;
    .port_info 0 /INPUT 5 "adrr1";
    .port_info 1 /INPUT 5 "adrr2";
    .port_info 2 /INPUT 5 "adrw";
    .port_info 3 /INPUT 32 "wd";
    .port_info 4 /INPUT 1 "we";
    .port_info 5 /INPUT 1 "clk";
    .port_info 6 /OUTPUT 32 "rd1";
    .port_info 7 /OUTPUT 32 "rd2";
    .port_info 8 /OUTPUT 1024 "regs";
v0000017926c173e0_0 .net *"_ivl_0", 31 0, L_0000017926c1cfb0;  1 drivers
L_0000017926c82948 .functor BUFT 1, C4<00000>, C4<0>, C4<0>, C4<0>;
v0000017926c17200_0 .net *"_ivl_11", 4 0, L_0000017926c82948;  1 drivers
L_0000017926c82990 .functor BUFT 1, C4<0000100000>, C4<0>, C4<0>, C4<0>;
v0000017926c18560_0 .net/2u *"_ivl_12", 9 0, L_0000017926c82990;  1 drivers
v0000017926c170c0_0 .net *"_ivl_15", 9 0, L_0000017926c1d0f0;  1 drivers
v0000017926c17c00_0 .net *"_ivl_17", 31 0, L_0000017926c1cbf0;  1 drivers
L_0000017926c829d8 .functor BUFT 1, C4<00000000000000000000000000000000>, C4<0>, C4<0>, C4<0>;
v0000017926c172a0_0 .net/2u *"_ivl_18", 31 0, L_0000017926c829d8;  1 drivers
v0000017926c17340_0 .net *"_ivl_22", 31 0, L_0000017926c1e4f0;  1 drivers
L_0000017926c82a20 .functor BUFT 1, C4<000000000000000000000000000>, C4<0>, C4<0>, C4<0>;
v0000017926c17ca0_0 .net *"_ivl_25", 26 0, L_0000017926c82a20;  1 drivers
L_0000017926c82a68 .functor BUFT 1, C4<00000000000000000000000000000000>, C4<0>, C4<0>, C4<0>;
v0000017926c186a0_0 .net/2u *"_ivl_26", 31 0, L_0000017926c82a68;  1 drivers
v0000017926c16c60_0 .net *"_ivl_28", 0 0, L_0000017926c1e130;  1 drivers
L_0000017926c828b8 .functor BUFT 1, C4<000000000000000000000000000>, C4<0>, C4<0>, C4<0>;
v0000017926c16940_0 .net *"_ivl_3", 26 0, L_0000017926c828b8;  1 drivers
v0000017926c17520_0 .net *"_ivl_30", 9 0, L_0000017926c1e770;  1 drivers
L_0000017926c82ab0 .functor BUFT 1, C4<00000>, C4<0>, C4<0>, C4<0>;
v0000017926c17700_0 .net *"_ivl_33", 4 0, L_0000017926c82ab0;  1 drivers
L_0000017926c82af8 .functor BUFT 1, C4<0000100000>, C4<0>, C4<0>, C4<0>;
v0000017926c17e80_0 .net/2u *"_ivl_34", 9 0, L_0000017926c82af8;  1 drivers
v0000017926c169e0_0 .net *"_ivl_37", 9 0, L_0000017926c1da50;  1 drivers
v0000017926c16b20_0 .net *"_ivl_39", 31 0, L_0000017926c1d2d0;  1 drivers
L_0000017926c82900 .functor BUFT 1, C4<00000000000000000000000000000000>, C4<0>, C4<0>, C4<0>;
v0000017926c175c0_0 .net/2u *"_ivl_4", 31 0, L_0000017926c82900;  1 drivers
L_0000017926c82b40 .functor BUFT 1, C4<00000000000000000000000000000000>, C4<0>, C4<0>, C4<0>;
v0000017926c177a0_0 .net/2u *"_ivl_40", 31 0, L_0000017926c82b40;  1 drivers
v0000017926c178e0_0 .net *"_ivl_6", 0 0, L_0000017926c1dff0;  1 drivers
v0000017926c17840_0 .net *"_ivl_8", 9 0, L_0000017926c1deb0;  1 drivers
v0000017926c16d00_0 .net "adrr1", 4 0, L_0000017926c1cf10;  1 drivers
v0000017926c16da0_0 .net "adrr2", 4 0, L_0000017926c1c8d0;  1 drivers
v0000017926c17fc0_0 .net "adrw", 4 0, L_0000017926c1e1d0;  1 drivers
v0000017926c16e40_0 .net "clk", 0 0, v0000017926c1cab0_0;  alias, 1 drivers
v0000017926c16f80_0 .net "rd1", 31 0, L_0000017926c1e630;  alias, 1 drivers
v0000017926c17980_0 .net "rd2", 31 0, L_0000017926c1e090;  alias, 1 drivers
v0000017926c17a20_0 .var "regs", 1023 0;
v0000017926c17ac0_0 .var "rf", 1023 0;
v0000017926c17b60_0 .net "wd", 31 0, v0000017926c14c50_0;  alias, 1 drivers
v0000017926c17d40_0 .net "we", 0 0, L_0000017926cdbc60;  alias, 1 drivers
E_0000017926bc4b10 .event anyedge, v0000017926c17ac0_0;
L_0000017926c1cfb0 .concat [ 5 27 0 0], L_0000017926c1cf10, L_0000017926c828b8;
L_0000017926c1dff0 .cmp/ne 32, L_0000017926c1cfb0, L_0000017926c82900;
L_0000017926c1deb0 .concat [ 5 5 0 0], L_0000017926c1cf10, L_0000017926c82948;
L_0000017926c1d0f0 .arith/mult 10, L_0000017926c1deb0, L_0000017926c82990;
L_0000017926c1cbf0 .part/v v0000017926c17ac0_0, L_0000017926c1d0f0, 32;
L_0000017926c1e630 .functor MUXZ 32, L_0000017926c829d8, L_0000017926c1cbf0, L_0000017926c1dff0, C4<>;
L_0000017926c1e4f0 .concat [ 5 27 0 0], L_0000017926c1cf10, L_0000017926c82a20;
L_0000017926c1e130 .cmp/ne 32, L_0000017926c1e4f0, L_0000017926c82a68;
L_0000017926c1e770 .concat [ 5 5 0 0], L_0000017926c1c8d0, L_0000017926c82ab0;
L_0000017926c1da50 .arith/mult 10, L_0000017926c1e770, L_0000017926c82af8;
L_0000017926c1d2d0 .part/v v0000017926c17ac0_0, L_0000017926c1da50, 32;
L_0000017926c1e090 .functor MUXZ 32, L_0000017926c82b40, L_0000017926c1d2d0, L_0000017926c1e130, C4<>;
S_0000017926b82300 .scope begin, "$ivl_for_loop1" "$ivl_for_loop1" 12 17, 12 17 0, S_0000017926b82170;
 .timescale 0 0;
v0000017926c17160_0 .var/2s "i", 31 0;
    .scope S_0000017926b79c50;
T_0 ;
Ewait_0 .event/or E_0000017926bc4a10, E_0x0;
    %wait Ewait_0;
    %load/vec4 v0000017926c184c0_0;
    %dup/vec4;
    %pushi/vec4 0, 0, 3;
    %cmp/u;
    %jmp/1 T_0.0, 6;
    %dup/vec4;
    %pushi/vec4 1, 0, 3;
    %cmp/u;
    %jmp/1 T_0.1, 6;
    %dup/vec4;
    %pushi/vec4 2, 0, 3;
    %cmp/u;
    %jmp/1 T_0.2, 6;
    %dup/vec4;
    %pushi/vec4 3, 0, 3;
    %cmp/u;
    %jmp/1 T_0.3, 6;
    %dup/vec4;
    %pushi/vec4 4, 0, 3;
    %cmp/u;
    %jmp/1 T_0.4, 6;
    %pushi/vec4 4294967295, 4294967295, 32;
    %store/vec4 v0000017926c17660_0, 0, 32;
    %jmp T_0.6;
T_0.0 ;
    %load/vec4 v0000017926c18420_0;
    %parti/s 1, 24, 6;
    %replicate 20;
    %load/vec4 v0000017926c18420_0;
    %parti/s 12, 13, 5;
    %concat/vec4; draw_concat_vec4
    %store/vec4 v0000017926c17660_0, 0, 32;
    %jmp T_0.6;
T_0.1 ;
    %load/vec4 v0000017926c18420_0;
    %parti/s 1, 24, 6;
    %replicate 20;
    %load/vec4 v0000017926c18420_0;
    %parti/s 7, 18, 6;
    %concat/vec4; draw_concat_vec4
    %load/vec4 v0000017926c18420_0;
    %parti/s 5, 0, 2;
    %concat/vec4; draw_concat_vec4
    %store/vec4 v0000017926c17660_0, 0, 32;
    %jmp T_0.6;
T_0.2 ;
    %load/vec4 v0000017926c18420_0;
    %parti/s 1, 24, 6;
    %replicate 19;
    %load/vec4 v0000017926c18420_0;
    %parti/s 1, 24, 6;
    %concat/vec4; draw_concat_vec4
    %load/vec4 v0000017926c18420_0;
    %parti/s 1, 0, 2;
    %concat/vec4; draw_concat_vec4
    %load/vec4 v0000017926c18420_0;
    %parti/s 6, 18, 6;
    %concat/vec4; draw_concat_vec4
    %load/vec4 v0000017926c18420_0;
    %parti/s 4, 1, 2;
    %concat/vec4; draw_concat_vec4
    %concati/vec4 0, 0, 1;
    %store/vec4 v0000017926c17660_0, 0, 32;
    %jmp T_0.6;
T_0.3 ;
    %load/vec4 v0000017926c18420_0;
    %parti/s 20, 5, 4;
    %concati/vec4 0, 0, 12;
    %store/vec4 v0000017926c17660_0, 0, 32;
    %jmp T_0.6;
T_0.4 ;
    %load/vec4 v0000017926c18420_0;
    %parti/s 1, 24, 6;
    %replicate 12;
    %load/vec4 v0000017926c18420_0;
    %parti/s 1, 24, 6;
    %concat/vec4; draw_concat_vec4
    %load/vec4 v0000017926c18420_0;
    %parti/s 8, 5, 4;
    %concat/vec4; draw_concat_vec4
    %load/vec4 v0000017926c18420_0;
    %parti/s 1, 13, 5;
    %concat/vec4; draw_concat_vec4
    %load/vec4 v0000017926c18420_0;
    %parti/s 10, 14, 5;
    %concat/vec4; draw_concat_vec4
    %concati/vec4 0, 0, 1;
    %pad/u 32;
    %store/vec4 v0000017926c17660_0, 0, 32;
    %jmp T_0.6;
T_0.6 ;
    %pop/vec4 1;
    %jmp T_0;
    .thread T_0, $push;
    .scope S_0000017926b82170;
T_1 ;
    %wait E_0000017926bc4950;
    %load/vec4 v0000017926c17d40_0;
    %flag_set/vec4 8;
    %jmp/0xz  T_1.0, 8;
    %load/vec4 v0000017926c17b60_0;
    %ix/load 5, 0, 0;
    %load/vec4 v0000017926c17fc0_0;
    %pad/u 10;
    %muli 32, 0, 10;
    %ix/vec4 4;
    %assign/vec4/off/d v0000017926c17ac0_0, 4, 5;
T_1.0 ;
    %jmp T_1;
    .thread T_1;
    .scope S_0000017926b82170;
T_2 ;
Ewait_1 .event/or E_0000017926bc4b10, E_0x0;
    %wait Ewait_1;
    %fork t_1, S_0000017926b82300;
    %jmp t_0;
    .scope S_0000017926b82300;
t_1 ;
    %pushi/vec4 0, 0, 32;
    %store/vec4 v0000017926c17160_0, 0, 32;
T_2.0 ;
    %load/vec4 v0000017926c17160_0;
    %cmpi/s 32, 0, 32;
    %jmp/0xz T_2.1, 5;
    %load/vec4 v0000017926c17ac0_0;
    %load/vec4 v0000017926c17160_0;
    %pad/s 37;
    %muli 32, 0, 37;
    %part/s 32;
    %load/vec4 v0000017926c17160_0;
    %pad/s 37;
    %muli 32, 0, 37;
    %ix/vec4/s 4;
    %store/vec4 v0000017926c17a20_0, 4, 32;
    ; show_stmt_assign_vector: Get l-value for compressed += operand
    %load/vec4 v0000017926c17160_0;
    %pushi/vec4 1, 0, 32;
    %add;
    %cast2;
    %store/vec4 v0000017926c17160_0, 0, 32;
    %jmp T_2.0;
T_2.1 ;
    %end;
    .scope S_0000017926b82170;
t_0 %join;
    %jmp T_2;
    .thread T_2, $push;
    .scope S_0000017926b79ac0;
T_3 ;
Ewait_2 .event/or E_0000017926bc4d10, E_0x0;
    %wait Ewait_2;
    %load/vec4 v0000017926c156f0_0;
    %dup/vec4;
    %pushi/vec4 0, 0, 4;
    %cmp/u;
    %jmp/1 T_3.0, 6;
    %dup/vec4;
    %pushi/vec4 1, 0, 4;
    %cmp/u;
    %jmp/1 T_3.1, 6;
    %dup/vec4;
    %pushi/vec4 2, 0, 4;
    %cmp/u;
    %jmp/1 T_3.2, 6;
    %dup/vec4;
    %pushi/vec4 3, 0, 4;
    %cmp/u;
    %jmp/1 T_3.3, 6;
    %dup/vec4;
    %pushi/vec4 4, 0, 4;
    %cmp/u;
    %jmp/1 T_3.4, 6;
    %dup/vec4;
    %pushi/vec4 5, 0, 4;
    %cmp/u;
    %jmp/1 T_3.5, 6;
    %dup/vec4;
    %pushi/vec4 6, 0, 4;
    %cmp/u;
    %jmp/1 T_3.6, 6;
    %dup/vec4;
    %pushi/vec4 7, 0, 4;
    %cmp/u;
    %jmp/1 T_3.7, 6;
    %dup/vec4;
    %pushi/vec4 8, 0, 4;
    %cmp/u;
    %jmp/1 T_3.8, 6;
    %dup/vec4;
    %pushi/vec4 9, 0, 4;
    %cmp/u;
    %jmp/1 T_3.9, 6;
    %jmp T_3.10;
T_3.0 ;
    %load/vec4 v0000017926c16ee0_0;
    %pad/u 32;
    %store/vec4 v0000017926c14c50_0, 0, 32;
    %jmp T_3.10;
T_3.1 ;
    %load/vec4 v0000017926c16ee0_0;
    %pad/u 32;
    %store/vec4 v0000017926c14c50_0, 0, 32;
    %jmp T_3.10;
T_3.2 ;
    %load/vec4 v0000017926c16a80_0;
    %load/vec4 v0000017926c17f20_0;
    %and;
    %store/vec4 v0000017926c14c50_0, 0, 32;
    %jmp T_3.10;
T_3.3 ;
    %load/vec4 v0000017926c16a80_0;
    %load/vec4 v0000017926c17f20_0;
    %or;
    %store/vec4 v0000017926c14c50_0, 0, 32;
    %jmp T_3.10;
T_3.4 ;
    %load/vec4 v0000017926c16a80_0;
    %load/vec4 v0000017926c17f20_0;
    %xor;
    %store/vec4 v0000017926c14c50_0, 0, 32;
    %jmp T_3.10;
T_3.5 ;
    %load/vec4 v0000017926c16a80_0;
    %load/vec4 v0000017926c17f20_0;
    %parti/s 5, 0, 2;
    %ix/vec4 4;
    %shiftl 4;
    %store/vec4 v0000017926c14c50_0, 0, 32;
    %jmp T_3.10;
T_3.6 ;
    %load/vec4 v0000017926c16a80_0;
    %load/vec4 v0000017926c17f20_0;
    %parti/s 5, 0, 2;
    %ix/vec4 4;
    %shiftr 4;
    %store/vec4 v0000017926c14c50_0, 0, 32;
    %jmp T_3.10;
T_3.7 ;
    %pushi/vec4 0, 0, 31;
    %load/vec4 v0000017926c17480_0;
    %inv;
    %concat/vec4; draw_concat_vec4
    %store/vec4 v0000017926c14c50_0, 0, 32;
    %jmp T_3.10;
T_3.8 ;
    %load/vec4 v0000017926c16a80_0;
    %load/vec4 v0000017926c17f20_0;
    %parti/s 5, 0, 2;
    %ix/vec4 4;
    %shiftr 4;
    %store/vec4 v0000017926c14c50_0, 0, 32;
    %jmp T_3.10;
T_3.9 ;
    %pushi/vec4 0, 0, 31;
    %load/vec4 v0000017926c16ee0_0;
    %parti/s 1, 31, 6;
    %load/vec4 v0000017926c168a0_0;
    %xor;
    %concat/vec4; draw_concat_vec4
    %store/vec4 v0000017926c14c50_0, 0, 32;
    %jmp T_3.10;
T_3.10 ;
    %pop/vec4 1;
    %jmp T_3;
    .thread T_3, $push;
    .scope S_0000017926b78bb0;
T_4 ;
    %wait E_0000017926bc4950;
    %load/vec4 v0000017926c19e90_0;
    %flag_set/vec4 8;
    %jmp/0xz  T_4.0, 8;
    %pushi/vec4 0, 0, 32;
    %assign/vec4 v0000017926c19030_0, 0;
    %jmp T_4.1;
T_4.0 ;
    %load/vec4 v0000017926c19a30_0;
    %flag_set/vec4 8;
    %jmp/0 T_4.2, 8;
    %load/vec4 v0000017926c19ad0_0;
    %jmp/1 T_4.3, 8;
T_4.2 ; End of true expr.
    %load/vec4 v0000017926c1a6b0_0;
    %jmp/0 T_4.3, 8;
 ; End of false expr.
    %blend;
T_4.3;
    %assign/vec4 v0000017926c19030_0, 0;
T_4.1 ;
    %jmp T_4;
    .thread T_4;
    .scope S_0000017926b78bb0;
T_5 ;
Ewait_3 .event/or E_0000017926bc4c90, E_0x0;
    %wait Ewait_3;
    %load/vec4 v0000017926c181a0_0;
    %dup/vec4;
    %pushi/vec4 0, 0, 2;
    %cmp/u;
    %jmp/1 T_5.0, 6;
    %dup/vec4;
    %pushi/vec4 1, 0, 2;
    %cmp/u;
    %jmp/1 T_5.1, 6;
    %dup/vec4;
    %pushi/vec4 2, 0, 2;
    %cmp/u;
    %jmp/1 T_5.2, 6;
    %pushi/vec4 4294967295, 4294967295, 32;
    %store/vec4 v0000017926c19fd0_0, 0, 32;
    %jmp T_5.4;
T_5.0 ;
    %load/vec4 v0000017926c18f90_0;
    %store/vec4 v0000017926c19fd0_0, 0, 32;
    %jmp T_5.4;
T_5.1 ;
    %load/vec4 v0000017926c19030_0;
    %store/vec4 v0000017926c19fd0_0, 0, 32;
    %jmp T_5.4;
T_5.2 ;
    %pushi/vec4 0, 0, 32;
    %store/vec4 v0000017926c19fd0_0, 0, 32;
    %jmp T_5.4;
T_5.4 ;
    %pop/vec4 1;
    %jmp T_5;
    .thread T_5, $push;
    .scope S_0000017926b78bb0;
T_6 ;
Ewait_4 .event/or E_0000017926bc51d0, E_0x0;
    %wait Ewait_4;
    %load/vec4 v0000017926c19710_0;
    %dup/vec4;
    %pushi/vec4 0, 0, 2;
    %cmp/u;
    %jmp/1 T_6.0, 6;
    %dup/vec4;
    %pushi/vec4 1, 0, 2;
    %cmp/u;
    %jmp/1 T_6.1, 6;
    %dup/vec4;
    %pushi/vec4 2, 0, 2;
    %cmp/u;
    %jmp/1 T_6.2, 6;
    %pushi/vec4 4294967295, 4294967295, 32;
    %store/vec4 v0000017926c18ef0_0, 0, 32;
    %jmp T_6.4;
T_6.0 ;
    %load/vec4 v0000017926c18100_0;
    %store/vec4 v0000017926c18ef0_0, 0, 32;
    %jmp T_6.4;
T_6.1 ;
    %load/vec4 v0000017926c1a6b0_0;
    %store/vec4 v0000017926c18ef0_0, 0, 32;
    %jmp T_6.4;
T_6.2 ;
    %load/vec4 v0000017926c1a1b0_0;
    %store/vec4 v0000017926c18ef0_0, 0, 32;
    %jmp T_6.4;
T_6.4 ;
    %pop/vec4 1;
    %jmp T_6;
    .thread T_6, $push;
    .scope S_0000017926b78a20;
T_7 ;
Ewait_5 .event/or E_0000017926bc4d90, E_0x0;
    %wait Ewait_5;
    %load/vec4 v0000017926c14cf0_0;
    %dup/vec4;
    %pushi/vec4 3, 0, 7;
    %cmp/u;
    %jmp/1 T_7.0, 6;
    %dup/vec4;
    %pushi/vec4 19, 0, 7;
    %cmp/u;
    %jmp/1 T_7.1, 6;
    %dup/vec4;
    %pushi/vec4 23, 0, 7;
    %cmp/u;
    %jmp/1 T_7.2, 6;
    %dup/vec4;
    %pushi/vec4 35, 0, 7;
    %cmp/u;
    %jmp/1 T_7.3, 6;
    %dup/vec4;
    %pushi/vec4 51, 0, 7;
    %cmp/u;
    %jmp/1 T_7.4, 6;
    %dup/vec4;
    %pushi/vec4 55, 0, 7;
    %cmp/u;
    %jmp/1 T_7.5, 6;
    %dup/vec4;
    %pushi/vec4 99, 0, 7;
    %cmp/u;
    %jmp/1 T_7.6, 6;
    %dup/vec4;
    %pushi/vec4 103, 0, 7;
    %cmp/u;
    %jmp/1 T_7.7, 6;
    %dup/vec4;
    %pushi/vec4 111, 0, 7;
    %cmp/u;
    %jmp/1 T_7.8, 6;
    %jmp T_7.9;
T_7.0 ;
    %pushi/vec4 4481, 1, 15;
    %store/vec4 v0000017926c16730_0, 0, 15;
    %jmp T_7.9;
T_7.1 ;
    %pushi/vec4 389, 1, 15;
    %store/vec4 v0000017926c16730_0, 0, 15;
    %jmp T_7.9;
T_7.2 ;
    %pushi/vec4 945, 1, 15;
    %store/vec4 v0000017926c16730_0, 0, 15;
    %jmp T_7.9;
T_7.3 ;
    %pushi/vec4 14609, 12289, 15;
    %store/vec4 v0000017926c16730_0, 0, 15;
    %jmp T_7.9;
T_7.4 ;
    %pushi/vec4 245, 113, 15;
    %store/vec4 v0000017926c16730_0, 0, 15;
    %jmp T_7.9;
T_7.5 ;
    %pushi/vec4 1457, 1, 15;
    %store/vec4 v0000017926c16730_0, 0, 15;
    %jmp T_7.9;
T_7.6 ;
    %pushi/vec4 28712, 12288, 15;
    %store/vec4 v0000017926c16730_0, 0, 15;
    %jmp T_7.9;
T_7.7 ;
    %pushi/vec4 24963, 16384, 15;
    %store/vec4 v0000017926c16730_0, 0, 15;
    %jmp T_7.9;
T_7.8 ;
    %pushi/vec4 26574, 18188, 15;
    %store/vec4 v0000017926c16730_0, 0, 15;
    %jmp T_7.9;
T_7.9 ;
    %pop/vec4 1;
    %jmp T_7;
    .thread T_7, $push;
    .scope S_0000017926b78a20;
T_8 ;
Ewait_6 .event/or E_0000017926bc49d0, E_0x0;
    %wait Ewait_6;
    %load/vec4 v0000017926c15c90_0;
    %dup/vec4;
    %pushi/vec4 0, 0, 2;
    %cmp/u;
    %jmp/1 T_8.0, 6;
    %dup/vec4;
    %pushi/vec4 1, 0, 2;
    %cmp/u;
    %jmp/1 T_8.1, 6;
    %dup/vec4;
    %pushi/vec4 2, 0, 2;
    %cmp/u;
    %jmp/1 T_8.2, 6;
    %pushi/vec4 15, 15, 4;
    %store/vec4 v0000017926c16550_0, 0, 4;
    %jmp T_8.4;
T_8.0 ;
    %pushi/vec4 0, 0, 4;
    %store/vec4 v0000017926c16550_0, 0, 4;
    %jmp T_8.4;
T_8.1 ;
    %load/vec4 v0000017926c14cf0_0;
    %parti/s 1, 5, 4;
    %inv;
    %flag_set/vec4 8;
    %jmp/0xz  T_8.5, 8;
    %load/vec4 v0000017926c15790_0;
    %dup/vec4;
    %pushi/vec4 0, 0, 3;
    %cmp/u;
    %jmp/1 T_8.7, 6;
    %dup/vec4;
    %pushi/vec4 1, 0, 3;
    %cmp/u;
    %jmp/1 T_8.8, 6;
    %dup/vec4;
    %pushi/vec4 2, 0, 3;
    %cmp/u;
    %jmp/1 T_8.9, 6;
    %dup/vec4;
    %pushi/vec4 3, 0, 3;
    %cmp/u;
    %jmp/1 T_8.10, 6;
    %dup/vec4;
    %pushi/vec4 4, 0, 3;
    %cmp/u;
    %jmp/1 T_8.11, 6;
    %dup/vec4;
    %pushi/vec4 5, 0, 3;
    %cmp/u;
    %jmp/1 T_8.12, 6;
    %dup/vec4;
    %pushi/vec4 6, 0, 3;
    %cmp/u;
    %jmp/1 T_8.13, 6;
    %dup/vec4;
    %pushi/vec4 7, 0, 3;
    %cmp/u;
    %jmp/1 T_8.14, 6;
    %jmp T_8.15;
T_8.7 ;
    %pushi/vec4 0, 0, 4;
    %store/vec4 v0000017926c16550_0, 0, 4;
    %jmp T_8.15;
T_8.8 ;
    %pushi/vec4 5, 0, 4;
    %store/vec4 v0000017926c16550_0, 0, 4;
    %jmp T_8.15;
T_8.9 ;
    %pushi/vec4 9, 0, 4;
    %store/vec4 v0000017926c16550_0, 0, 4;
    %jmp T_8.15;
T_8.10 ;
    %pushi/vec4 7, 0, 4;
    %store/vec4 v0000017926c16550_0, 0, 4;
    %jmp T_8.15;
T_8.11 ;
    %pushi/vec4 4, 0, 4;
    %store/vec4 v0000017926c16550_0, 0, 4;
    %jmp T_8.15;
T_8.12 ;
    %load/vec4 v0000017926c15fb0_0;
    %flag_set/vec4 8;
    %jmp/0xz  T_8.16, 8;
    %pushi/vec4 8, 0, 4;
    %store/vec4 v0000017926c16550_0, 0, 4;
    %jmp T_8.17;
T_8.16 ;
    %pushi/vec4 6, 0, 4;
    %store/vec4 v0000017926c16550_0, 0, 4;
T_8.17 ;
    %jmp T_8.15;
T_8.13 ;
    %pushi/vec4 3, 0, 4;
    %store/vec4 v0000017926c16550_0, 0, 4;
    %jmp T_8.15;
T_8.14 ;
    %pushi/vec4 2, 0, 4;
    %store/vec4 v0000017926c16550_0, 0, 4;
    %jmp T_8.15;
T_8.15 ;
    %pop/vec4 1;
    %jmp T_8.6;
T_8.5 ;
    %load/vec4 v0000017926c15790_0;
    %dup/vec4;
    %pushi/vec4 0, 0, 3;
    %cmp/u;
    %jmp/1 T_8.18, 6;
    %dup/vec4;
    %pushi/vec4 1, 0, 3;
    %cmp/u;
    %jmp/1 T_8.19, 6;
    %dup/vec4;
    %pushi/vec4 2, 0, 3;
    %cmp/u;
    %jmp/1 T_8.20, 6;
    %dup/vec4;
    %pushi/vec4 3, 0, 3;
    %cmp/u;
    %jmp/1 T_8.21, 6;
    %dup/vec4;
    %pushi/vec4 4, 0, 3;
    %cmp/u;
    %jmp/1 T_8.22, 6;
    %dup/vec4;
    %pushi/vec4 5, 0, 3;
    %cmp/u;
    %jmp/1 T_8.23, 6;
    %dup/vec4;
    %pushi/vec4 6, 0, 3;
    %cmp/u;
    %jmp/1 T_8.24, 6;
    %dup/vec4;
    %pushi/vec4 7, 0, 3;
    %cmp/u;
    %jmp/1 T_8.25, 6;
    %jmp T_8.26;
T_8.18 ;
    %load/vec4 v0000017926c15fb0_0;
    %flag_set/vec4 8;
    %jmp/0xz  T_8.27, 8;
    %pushi/vec4 1, 0, 4;
    %store/vec4 v0000017926c16550_0, 0, 4;
    %jmp T_8.28;
T_8.27 ;
    %pushi/vec4 0, 0, 4;
    %store/vec4 v0000017926c16550_0, 0, 4;
T_8.28 ;
    %jmp T_8.26;
T_8.19 ;
    %pushi/vec4 5, 0, 4;
    %store/vec4 v0000017926c16550_0, 0, 4;
    %jmp T_8.26;
T_8.20 ;
    %pushi/vec4 9, 0, 4;
    %store/vec4 v0000017926c16550_0, 0, 4;
    %jmp T_8.26;
T_8.21 ;
    %pushi/vec4 7, 0, 4;
    %store/vec4 v0000017926c16550_0, 0, 4;
    %jmp T_8.26;
T_8.22 ;
    %pushi/vec4 4, 0, 4;
    %store/vec4 v0000017926c16550_0, 0, 4;
    %jmp T_8.26;
T_8.23 ;
    %load/vec4 v0000017926c15fb0_0;
    %flag_set/vec4 8;
    %jmp/0xz  T_8.29, 8;
    %pushi/vec4 8, 0, 4;
    %store/vec4 v0000017926c16550_0, 0, 4;
    %jmp T_8.30;
T_8.29 ;
    %pushi/vec4 6, 0, 4;
    %store/vec4 v0000017926c16550_0, 0, 4;
T_8.30 ;
    %jmp T_8.26;
T_8.24 ;
    %pushi/vec4 3, 0, 4;
    %store/vec4 v0000017926c16550_0, 0, 4;
    %jmp T_8.26;
T_8.25 ;
    %pushi/vec4 2, 0, 4;
    %store/vec4 v0000017926c16550_0, 0, 4;
    %jmp T_8.26;
T_8.26 ;
    %pop/vec4 1;
T_8.6 ;
    %jmp T_8.4;
T_8.2 ;
    %pushi/vec4 1, 0, 4;
    %store/vec4 v0000017926c16550_0, 0, 4;
    %jmp T_8.4;
T_8.4 ;
    %pop/vec4 1;
    %jmp T_8;
    .thread T_8, $push;
    .scope S_0000017926b78a20;
T_9 ;
Ewait_7 .event/or E_0000017926bc52d0, E_0x0;
    %wait Ewait_7;
    %load/vec4 v0000017926c15790_0;
    %dup/vec4;
    %pushi/vec4 0, 0, 3;
    %cmp/u;
    %jmp/1 T_9.0, 6;
    %dup/vec4;
    %pushi/vec4 1, 0, 3;
    %cmp/u;
    %jmp/1 T_9.1, 6;
    %dup/vec4;
    %pushi/vec4 4, 0, 3;
    %cmp/u;
    %jmp/1 T_9.2, 6;
    %dup/vec4;
    %pushi/vec4 5, 0, 3;
    %cmp/u;
    %jmp/1 T_9.3, 6;
    %dup/vec4;
    %pushi/vec4 6, 0, 3;
    %cmp/u;
    %jmp/1 T_9.4, 6;
    %dup/vec4;
    %pushi/vec4 7, 0, 3;
    %cmp/u;
    %jmp/1 T_9.5, 6;
    %pushi/vec4 1, 1, 1;
    %store/vec4 v0000017926c16690_0, 0, 1;
    %jmp T_9.7;
T_9.0 ;
    %load/vec4 v0000017926c14890_0;
    %store/vec4 v0000017926c16690_0, 0, 1;
    %jmp T_9.7;
T_9.1 ;
    %load/vec4 v0000017926c14890_0;
    %inv;
    %store/vec4 v0000017926c16690_0, 0, 1;
    %jmp T_9.7;
T_9.2 ;
    %load/vec4 v0000017926c164b0_0;
    %load/vec4 v0000017926c14ed0_0;
    %xor;
    %store/vec4 v0000017926c16690_0, 0, 1;
    %jmp T_9.7;
T_9.3 ;
    %load/vec4 v0000017926c164b0_0;
    %load/vec4 v0000017926c14ed0_0;
    %xor;
    %inv;
    %store/vec4 v0000017926c16690_0, 0, 1;
    %jmp T_9.7;
T_9.4 ;
    %load/vec4 v0000017926c15290_0;
    %inv;
    %store/vec4 v0000017926c16690_0, 0, 1;
    %jmp T_9.7;
T_9.5 ;
    %load/vec4 v0000017926c15290_0;
    %store/vec4 v0000017926c16690_0, 0, 1;
    %jmp T_9.7;
T_9.7 ;
    %pop/vec4 1;
    %jmp T_9;
    .thread T_9, $push;
    .scope S_0000017926b74ad0;
T_10 ;
    %vpi_call/w 6 5 "$readmemh", "testProg.txt", v0000017926c14930 {0 0 0};
    %end;
    .thread T_10;
    .scope S_0000017926b6bb40;
T_11 ;
    %wait E_0000017926bc4950;
    %load/vec4 v0000017926bb5db0_0;
    %flag_set/vec4 8;
    %jmp/0xz  T_11.0, 8;
    %load/vec4 v0000017926c149d0_0;
    %load/vec4 v0000017926bbdf40_0;
    %parti/s 30, 2, 3;
    %ix/vec4 3;
    %ix/load 4, 0, 0; Constant delay
    %assign/vec4/a/d v0000017926bbc6e0, 0, 4;
T_11.0 ;
    %jmp T_11;
    .thread T_11;
    .scope S_0000017926b67980;
T_12 ;
    %pushi/vec4 0, 0, 1;
    %store/vec4 v0000017926c1cab0_0, 0, 1;
T_12.0 ;
    %delay 5, 0;
    %load/vec4 v0000017926c1cab0_0;
    %inv;
    %store/vec4 v0000017926c1cab0_0, 0, 1;
    %jmp T_12.0;
    %end;
    .thread T_12;
    .scope S_0000017926b67980;
T_13 ;
    %pushi/vec4 1, 0, 1;
    %store/vec4 v0000017926c1d5f0_0, 0, 1;
    %pushi/vec4 3, 0, 32;
T_13.0 %dup/vec4;
    %pushi/vec4 0, 0, 32;
    %cmp/s;
    %jmp/1xz T_13.1, 5;
    %jmp/1 T_13.1, 4;
    %pushi/vec4 1, 0, 32;
    %sub;
    %wait E_0000017926bc4950;
    %jmp T_13.0;
T_13.1 ;
    %pop/vec4 1;
    %pushi/vec4 0, 0, 1;
    %store/vec4 v0000017926c1d5f0_0, 0, 1;
    %end;
    .thread T_13;
    .scope S_0000017926b67980;
T_14 ;
T_14.0 ;
    %wait E_0000017926bc4950;
    %load/vec4 v0000017926c1d5f0_0;
    %inv;
    %flag_set/vec4 8;
    %jmp/0xz  T_14.1, 8;
    %vpi_call/w 3 22 "$display", "%h", v0000017926c1dd70_0 {0 0 0};
T_14.1 ;
    %jmp T_14.0;
    %end;
    .thread T_14;
    .scope S_0000017926b67980;
T_15 ;
    %vpi_call/w 3 27 "$dumpvars" {0 0 0};
    %end;
    .thread T_15;
    .scope S_0000017926b67980;
T_16 ;
Ewait_8 .event/or E_0000017926bc4650, E_0x0;
    %wait Ewait_8;
    %load/vec4 v0000017926c1dd70_0;
    %or/r;
    %cmpi/e 0, 0, 1;
    %jmp/0xz  T_16.0, 4;
    %fork t_3, S_0000017926b67b10;
    %jmp t_2;
    .scope S_0000017926b67b10;
t_3 ;
    %pushi/vec4 0, 0, 32;
    %store/vec4 v0000017926bbd900_0, 0, 32;
T_16.2 ;
    %load/vec4 v0000017926bbd900_0;
    %cmpi/s 32, 0, 32;
    %jmp/0xz T_16.3, 5;
    %load/vec4 v0000017926bbd900_0;
    %cmpi/e 0, 0, 32;
    %flag_mov 8, 4;
    %jmp/0 T_16.4, 8;
    %pushi/vec4 0, 0, 32;
    %jmp/1 T_16.5, 8;
T_16.4 ; End of true expr.
    %load/vec4 v0000017926c1e3b0_0;
    %load/vec4 v0000017926bbd900_0;
    %pad/s 37;
    %muli 32, 0, 37;
    %part/s 32;
    %jmp/0 T_16.5, 8;
 ; End of false expr.
    %blend;
T_16.5;
    %vpi_call/w 3 37 "$display", "x%-2d - %08h", v0000017926bbd900_0, S<0,vec4,u32> {1 0 0};
    ; show_stmt_assign_vector: Get l-value for compressed += operand
    %load/vec4 v0000017926bbd900_0;
    %pushi/vec4 1, 0, 32;
    %add;
    %cast2;
    %store/vec4 v0000017926bbd900_0, 0, 32;
    %jmp T_16.2;
T_16.3 ;
    %end;
    .scope S_0000017926b67980;
t_2 %join;
    %vpi_call/w 3 39 "$finish" {0 0 0};
T_16.0 ;
    %jmp T_16;
    .thread T_16, $push;
# The file index is used to find the file name in the following table.
:file_names 13;
    "N/A";
    "<interactive>";
    "-";
    "testbench.sv";
    "top.sv";
    "dataMem.sv";
    "instrMem.sv";
    "riscv_ps.sv";
    "controller.sv";
    "datapath.sv";
    "ALU.sv";
    "immExt.sv";
    "regFile.sv";
